<?xml version="1.0" encoding="UTF-8"?>
<testsuites name="Mocha Tests" time="20.626" tests="1" failures="0">
  <testsuite name="Root Suite" timestamp="2023-12-31T11:01:19" tests="1" file="cypress\e2e\Register_User_with_existing_email.cy.js" time="20.615" failures="0">
    <testcase name="Register User with exisit user" time="15.224" classname="Register User with exisit user">
    </testcase>
  </testsuite>
</testsuites>